# JRE version: OpenJDK Runtime Environment (15.0.1+9) (build 15.0.1+9-18)
# Java VM: OpenJDK 64-Bit Server VM (15.0.1+9-18, mixed mode, sharing, tiered, compressed oops, g1 gc, windows-amd64)
GC Precious Log:
 CPUs: 8 total, 8 available
 Memory: 3947M
 Large Page Support: Disabled
 NUMA Support: Disabled
 Compressed Oops: Enabled (32-bit)
 Heap Region Size: 1M
 Heap Min Capacity: 8M
 Heap Initial Capacity: 62M
 Heap Max Capacity: 988M
 Pre-touch: Disabled
 Parallel Workers: 8
 Concurrent Workers: 2
 Concurrent Refinement Workers: 8
 Periodic GC: Disabled
Heap:
 garbage-first heap   total 58368K, used 24447K [0x00000000c2400000, 0x0000000100000000)
  region size 1024K, 3 young (3072K), 1 survivors (1024K)
 Metaspace       used 44181K, capacity 44716K, committed 44928K, reserved 1089536K
  class space    used 5523K, capacity 5702K, committed 5760K, reserved 1048576K
GC Heap History (20 events):
Event: 2.066 GC heap before
{Heap before GC invocations=2 (full 0):
 garbage-first heap   total 63488K, used 32015K [0x00000000c2400000, 0x0000000100000000)
  region size 1024K, 26 young (26624K), 2 survivors (2048K)
 Metaspace       used 16678K, capacity 16964K, committed 17152K, reserved 1064960K
  class space    used 2123K, capacity 2209K, committed 2304K, reserved 1048576K
}
Event: 2.075 GC heap after
{Heap after GC invocations=3 (full 0):
 garbage-first heap   total 63488K, used 10342K [0x00000000c2400000, 0x0000000100000000)
  region size 1024K, 4 young (4096K), 4 survivors (4096K)
 Metaspace       used 16678K, capacity 16964K, committed 17152K, reserved 1064960K
  class space    used 2123K, capacity 2209K, committed 2304K, reserved 1048576K
}
Event: 2.461 GC heap before
{Heap before GC invocations=3 (full 0):
 garbage-first heap   total 63488K, used 36966K [0x00000000c2400000, 0x0000000100000000)
  region size 1024K, 31 young (31744K), 4 survivors (4096K)
 Metaspace       used 20979K, capacity 21200K, committed 21296K, reserved 1069056K
  class space    used 2610K, capacity 2676K, committed 2688K, reserved 1048576K
}
Event: 2.467 GC heap after
{Heap after GC invocations=4 (full 0):
 garbage-first heap   total 63488K, used 11913K [0x00000000c2400000, 0x0000000100000000)
  region size 1024K, 4 young (4096K), 4 survivors (4096K)
 Metaspace       used 20979K, capacity 21200K, committed 21296K, reserved 1069056K
  class space    used 2610K, capacity 2676K, committed 2688K, reserved 1048576K
}
Event: 2.882 GC heap before
{Heap before GC invocations=5 (full 0):
 garbage-first heap   total 48128K, used 35465K [0x00000000c2400000, 0x0000000100000000)
  region size 1024K, 28 young (28672K), 4 survivors (4096K)
 Metaspace       used 24063K, capacity 24433K, committed 24576K, reserved 1071104K
  class space    used 2941K, capacity 3042K, committed 3072K, reserved 1048576K
}
Event: 2.888 GC heap after
{Heap after GC invocations=6 (full 0):
 garbage-first heap   total 58368K, used 13689K [0x00000000c2400000, 0x0000000100000000)
  region size 1024K, 4 young (4096K), 4 survivors (4096K)
 Metaspace       used 24063K, capacity 24433K, committed 24576K, reserved 1071104K
  class space    used 2941K, capacity 3042K, committed 3072K, reserved 1048576K
}
Event: 3.487 GC heap before
{Heap before GC invocations=6 (full 0):
 garbage-first heap   total 58368K, used 40313K [0x00000000c2400000, 0x0000000100000000)
  region size 1024K, 30 young (30720K), 4 survivors (4096K)
 Metaspace       used 28190K, capacity 28514K, committed 28800K, reserved 1075200K
  class space    used 3514K, capacity 3607K, committed 3712K, reserved 1048576K
}
Event: 3.498 GC heap after
{Heap after GC invocations=7 (full 0):
 garbage-first heap   total 58368K, used 15780K [0x00000000c2400000, 0x0000000100000000)
  region size 1024K, 3 young (3072K), 3 survivors (3072K)
 Metaspace       used 28190K, capacity 28514K, committed 28800K, reserved 1075200K
  class space    used 3514K, capacity 3607K, committed 3712K, reserved 1048576K
}
Event: 3.881 GC heap before
{Heap before GC invocations=7 (full 0):
 garbage-first heap   total 58368K, used 41380K [0x00000000c2400000, 0x0000000100000000)
  region size 1024K, 28 young (28672K), 3 survivors (3072K)
 Metaspace       used 30797K, capacity 31105K, committed 31360K, reserved 1077248K
  class space    used 3789K, capacity 3872K, committed 3968K, reserved 1048576K
}
Event: 3.893 GC heap after
{Heap after GC invocations=8 (full 0):
 garbage-first heap   total 58368K, used 17093K [0x00000000c2400000, 0x0000000100000000)
  region size 1024K, 2 young (2048K), 2 survivors (2048K)
 Metaspace       used 30797K, capacity 31105K, committed 31360K, reserved 1077248K
  class space    used 3789K, capacity 3872K, committed 3968K, reserved 1048576K
}
Event: 4.411 GC heap before
{Heap before GC invocations=8 (full 0):
 garbage-first heap   total 58368K, used 40645K [0x00000000c2400000, 0x0000000100000000)
  region size 1024K, 26 young (26624K), 2 survivors (2048K)
 Metaspace       used 34164K, capacity 34583K, committed 34688K, reserved 1079296K
  class space    used 4335K, capacity 4460K, committed 4480K, reserved 1048576K
}
Event: 4.416 GC heap after
{Heap after GC invocations=9 (full 0):
 garbage-first heap   total 58368K, used 18474K [0x00000000c2400000, 0x0000000100000000)
  region size 1024K, 3 young (3072K), 3 survivors (3072K)
 Metaspace       used 34164K, capacity 34583K, committed 34688K, reserved 1079296K
  class space    used 4335K, capacity 4460K, committed 4480K, reserved 1048576K
}
Event: 4.520 GC heap before
{Heap before GC invocations=9 (full 0):
 garbage-first heap   total 58368K, used 24618K [0x00000000c2400000, 0x0000000100000000)
  region size 1024K, 10 young (10240K), 3 survivors (3072K)
 Metaspace       used 35450K, capacity 35839K, committed 35968K, reserved 1081344K
  class space    used 4510K, capacity 4665K, committed 4736K, reserved 1048576K
}
Event: 4.524 GC heap after
{Heap after GC invocations=10 (full 0):
 garbage-first heap   total 58368K, used 19347K [0x00000000c2400000, 0x0000000100000000)
  region size 1024K, 3 young (3072K), 3 survivors (3072K)
 Metaspace       used 35450K, capacity 35839K, committed 35968K, reserved 1081344K
  class space    used 4510K, capacity 4665K, committed 4736K, reserved 1048576K
}
Event: 5.236 GC heap before
{Heap before GC invocations=11 (full 0):
 garbage-first heap   total 58368K, used 42899K [0x00000000c2400000, 0x0000000100000000)
  region size 1024K, 26 young (26624K), 3 survivors (3072K)
 Metaspace       used 38166K, capacity 38616K, committed 38912K, reserved 1083392K
  class space    used 4899K, capacity 5030K, committed 5120K, reserved 1048576K
}
Event: 5.240 GC heap after
{Heap after GC invocations=12 (full 0):
 garbage-first heap   total 58368K, used 21092K [0x00000000c2400000, 0x0000000100000000)
  region size 1024K, 3 young (3072K), 3 survivors (3072K)
 Metaspace       used 38166K, capacity 38616K, committed 38912K, reserved 1083392K
  class space    used 4899K, capacity 5030K, committed 5120K, reserved 1048576K
}
Event: 548.843 GC heap before
{Heap before GC invocations=12 (full 0):
 garbage-first heap   total 58368K, used 42596K [0x00000000c2400000, 0x0000000100000000)
  region size 1024K, 25 young (25600K), 3 survivors (3072K)
 Metaspace       used 43405K, capacity 43885K, committed 44160K, reserved 1087488K
  class space    used 5519K, capacity 5666K, committed 5760K, reserved 1048576K
}
Event: 549.001 GC heap after
{Heap after GC invocations=13 (full 0):
 garbage-first heap   total 58368K, used 23050K [0x00000000c2400000, 0x0000000100000000)
  region size 1024K, 4 young (4096K), 4 survivors (4096K)
 Metaspace       used 43405K, capacity 43885K, committed 44160K, reserved 1087488K
  class space    used 5519K, capacity 5666K, committed 5760K, reserved 1048576K
}
Event: 11166.842 GC heap before
{Heap before GC invocations=13 (full 0):
 garbage-first heap   total 58368K, used 44554K [0x00000000c2400000, 0x0000000100000000)
  region size 1024K, 25 young (25600K), 4 survivors (4096K)
 Metaspace       used 44173K, capacity 44716K, committed 44928K, reserved 1089536K
  class space    used 5523K, capacity 5702K, committed 5760K, reserved 1048576K
}
Event: 11166.934 GC heap after
{Heap after GC invocations=14 (full 0):
 garbage-first heap   total 58368K, used 23423K [0x00000000c2400000, 0x0000000100000000)
  region size 1024K, 1 young (1024K), 1 survivors (1024K)
 Metaspace       used 44173K, capacity 44716K, committed 44928K, reserved 1089536K
  class space    used 5523K, capacity 5702K, committed 5760K, reserved 1048576K
}

